5.4912 	EXP 	Created window1 = Window(allowGUI=False, allowStencil=False, autoLog=True, bitsMode=UNKNOWN, blendMode='avg', color=array([ 0.,  0.,  0.]), colorSpace='rgb', fullscr=UNKNOWN, gamma=None, lms=UNKNOWN, monitor=<psychopy.monitors.calibTools.Monitor object at 0x111b43110>, multiSample=False, name='window1', numSamples=2, pos=[0, 0], screen=0, size=array([2560, 1440]), stereo=False, units='norm', useFBO=True, useRetina=False, viewOri=0.0, viewPos=None, viewScale=None, waitBlanking=True, winType='pyglet')
5.4912 	EXP 	window1: recordFrameIntervals = False
5.6579 	EXP 	window1: recordFrameIntervals = True
5.8410 	EXP 	window1: recordFrameIntervals = False
5.9290 	EXP 	Created instrux = TextStim(alignHoriz='center', alignVert='center', antialias=True, autoLog=True, bold=False, color='white', colorSpace='named', contrast=1.0, depth=0.0, flipHoriz=False, flipVert=False, font='Arial', fontFiles=[], height=0.1, italic=False, name='instrux', opacity=1.0, ori=0, pos=array([ 0.,  0.]), rgb=array([ 255.,  255.,  255.]), text=unicode(...), units='norm', win=Window(...), wrapWidth=1)
5.9348 	EXP 	Created takeBreak = TextStim(alignHoriz='center', alignVert='center', antialias=True, autoLog=True, bold=False, color='white', colorSpace='named', contrast=1.0, depth=0.0, flipHoriz=False, flipVert=False, font='Arial', fontFiles=[], height=0.1, italic=False, name='takeBreak', opacity=1.0, ori=0, pos=array([ 0.,  0.]), rgb=array([ 255.,  255.,  255.]), text=u'Take a break.\n\nPress any key to continue.', units='norm', win=Window(...), wrapWidth=1)
5.9366 	EXP 	Created image_2 = ImageStim(autoLog=True, color=array([ 1.,  1.,  1.]), colorSpace='rgb', contrast=1.0, depth=-1.0, flipHoriz=False, flipVert=False, image='sin', interpolate=True, mask=None, maskParams=None, name='image_2', opacity=1.0, ori=0.0, pos=array([ 0.,  0.]), size=array([ 1000.,   750.]), texRes=128, units='pix', win=Window(...))
5.9501 	EXP 	Created scale_itemrec = TextStim(alignHoriz='center', alignVert='center', antialias=True, autoLog=True, bold=False, color=array([ 1.,  1.,  1.]), colorSpace='rgb', contrast=1.0, depth=-2.0, flipHoriz=False, flipVert=False, font='Arial', fontFiles=[], height=0.08, italic=False, name='scale_itemrec', opacity=1.0, ori=0, pos=array([ 0. , -0.9]), rgb=array([ 1.,  1.,  1.]), text=unicode(...), units='norm', win=Window(...), wrapWidth=1600)
5.9527 	EXP 	Created fixISI = TextStim(alignHoriz='center', alignVert='center', antialias=True, autoLog=True, bold=False, color='white', colorSpace='named', contrast=1.0, depth=-4.0, flipHoriz=False, flipVert=False, font='Arial', fontFiles=[], height=0.1, italic=False, name='fixISI', opacity=1.0, ori=0, pos=array([ 0.,  0.]), rgb=array([ 255.,  255.,  255.]), text=u'+', units='norm', win=Window(...), wrapWidth=1)
5.9541 	EXP 	Created image = ImageStim(autoLog=True, color=array([ 1.,  1.,  1.]), colorSpace='rgb', contrast=1.0, depth=0.0, flipHoriz=False, flipVert=False, image='sin', interpolate=True, mask=None, maskParams=None, name='image', opacity=1.0, ori=0.0, pos=array([ 0.,  0.]), size=array([ 1000.,   750.]), texRes=128, units='pix', win=Window(...))
5.9656 	EXP 	Created scale_sourcerec = TextStim(alignHoriz='center', alignVert='center', antialias=True, autoLog=True, bold=False, color=array([ 1.,  1.,  1.]), colorSpace='rgb', contrast=1.0, depth=-1.0, flipHoriz=False, flipVert=False, font='Arial', fontFiles=[], height=0.08, italic=False, name='scale_sourcerec', opacity=1.0, ori=0, pos=array([ 0. , -0.9]), rgb=array([ 1.,  1.,  1.]), text=unicode(...), units='norm', win=Window(...), wrapWidth=1600)
5.9669 	EXP 	Created image_3 = ImageStim(autoLog=True, color=array([ 1.,  1.,  1.]), colorSpace='rgb', contrast=1.0, depth=0.0, flipHoriz=False, flipVert=False, image='sin', interpolate=True, mask=None, maskParams=None, name='image_3', opacity=1.0, ori=0.0, pos=array([ 0.,  0.]), size=array([ 1000.,   750.]), texRes=128, units='pix', win=Window(...))
5.9724 	EXP 	Created scale_sourceconf = TextStim(alignHoriz='center', alignVert='center', antialias=True, autoLog=True, bold=False, color=array([ 1.,  1.,  1.]), colorSpace='rgb', contrast=1.0, depth=-1.0, flipHoriz=False, flipVert=False, font='Arial', fontFiles=[], height=0.08, italic=False, name='scale_sourceconf', opacity=1.0, ori=0, pos=array([ 0. , -0.9]), rgb=array([ 1.,  1.,  1.]), text=u'CONFIDENCE?\nV: SURE -- B: UNSURE', units='norm', win=Window(...), wrapWidth=1600)
5.9750 	EXP 	Created fixation_2 = TextStim(alignHoriz='center', alignVert='center', antialias=True, autoLog=True, bold=False, color='white', colorSpace='named', contrast=1.0, depth=0.0, flipHoriz=False, flipVert=False, font='Arial', fontFiles=[], height=0.1, italic=False, name='fixation_2', opacity=1.0, ori=0, pos=array([ 0.,  0.]), rgb=array([ 255.,  255.,  255.]), text=u'+', units='norm', win=Window(...), wrapWidth=1)
5.9834 	EXP 	Created text = TextStim(alignHoriz='center', alignVert='center', antialias=True, autoLog=True, bold=False, color='white', colorSpace='named', contrast=1.0, depth=0.0, flipHoriz=False, flipVert=False, font='Arial', fontFiles=[], height=0.1, italic=False, name='text', opacity=1.0, ori=0, pos=array([ 0.,  0.]), rgb=array([ 255.,  255.,  255.]), text=u'You are now finished with the experiment.\n', units='norm', win=Window(...), wrapWidth=1)
5.9917 	EXP 	instrux: autoDraw = True
8.3133 	DATA 	Keypress: space
8.3158 	EXP 	Imported lists/spractice/A_recognition.csv as conditions, 4 conditions, 12 params
8.3161 	EXP 	Created sequence: sequential, trialTypes=4, nReps=1, seed=None
8.3164 	EXP 	New trial (rep=0, index=0): {'Category': u'dog', 'FixISI': 4.8550000000000004, 'ConList': 1, 'CB': u'A', 'ConLabel': u'within SF?', 'ImageFile': u'PracticeStim/dog2.jpg', 'EmotionType': None, 'RunID': 1, 'ConID': u'A', 'BlockRep': 1, 'ID': u'dog2', 'TrialType': u'Old'}
8.3889 	EXP 	window1: recordFrameIntervals = False
8.4087 	EXP 	instrux: autoDraw = False
8.4087 	EXP 	takeBreak: autoDraw = True
8.4087 	EXP 	takeBreak: autoDraw = False
8.4087 	EXP 	image_2: image = u'PracticeStim/dog2.jpg'
8.4087 	EXP 	fixISI: autoDraw = True
8.4087 	EXP 	window1: recordFrameIntervals = False
8.9088 	EXP 	image_2: autoDraw = True
8.9088 	EXP 	scale_itemrec: autoDraw = True
8.9088 	EXP 	fixISI: autoDraw = False
11.0777 	DATA 	Keypress: v
11.1417 	EXP 	image_2: autoDraw = False
11.1417 	EXP 	scale_itemrec: autoDraw = False
11.1417 	EXP 	fixISI: autoDraw = False
11.1417 	EXP 	image: image = u'PracticeStim/dog2.jpg'
11.1417 	EXP 	image: autoDraw = True
11.1417 	EXP 	scale_sourcerec: autoDraw = True
11.8099 	DATA 	Keypress: b
11.8580 	EXP 	image: autoDraw = False
11.8580 	EXP 	scale_sourcerec: autoDraw = False
11.8580 	EXP 	image_3: image = u'PracticeStim/dog2.jpg'
11.8580 	EXP 	image_3: autoDraw = True
11.8580 	EXP 	scale_sourceconf: autoDraw = True
12.4271 	DATA 	Keypress: v
12.4424 	EXP 	image_3: autoDraw = False
12.4424 	EXP 	scale_sourceconf: autoDraw = False
12.4424 	EXP 	fixation_2: autoDraw = True
12.6766 	EXP 	New trial (rep=0, index=1): {'Category': u'cat', 'FixISI': 0.58899999999999997, 'ConList': 1, 'CB': u'A', 'ConLabel': u'within SF?', 'ImageFile': u'PracticeStim/cat1.jpg', 'EmotionType': None, 'RunID': 1, 'ConID': u'A', 'BlockRep': 1, 'ID': u'cat1', 'TrialType': u'New'}
12.7229 	EXP 	window1: recordFrameIntervals = False
12.7423 	EXP 	fixation_2: autoDraw = False
12.7423 	EXP 	fixation_2: autoDraw = False
12.7423 	EXP 	takeBreak: autoDraw = True
12.7423 	EXP 	takeBreak: autoDraw = False
12.7423 	EXP 	image_2: image = u'PracticeStim/cat1.jpg'
12.7423 	EXP 	fixISI: autoDraw = True
12.7424 	EXP 	window1: recordFrameIntervals = False
13.2433 	EXP 	image_2: autoDraw = True
13.2433 	EXP 	scale_itemrec: autoDraw = True
13.2433 	EXP 	fixISI: autoDraw = False
13.9121 	DATA 	Keypress: v
13.9939 	EXP 	image_2: autoDraw = False
13.9939 	EXP 	scale_itemrec: autoDraw = False
13.9939 	EXP 	fixISI: autoDraw = False
13.9939 	EXP 	image: image = u'PracticeStim/cat1.jpg'
13.9939 	EXP 	image: autoDraw = True
13.9939 	EXP 	scale_sourcerec: autoDraw = True
14.3781 	DATA 	Keypress: b
14.4440 	EXP 	image: autoDraw = False
14.4440 	EXP 	scale_sourcerec: autoDraw = False
14.4440 	EXP 	image_3: image = u'PracticeStim/cat1.jpg'
14.4440 	EXP 	image_3: autoDraw = True
14.4440 	EXP 	scale_sourceconf: autoDraw = True
15.1281 	DATA 	Keypress: v
15.1440 	EXP 	image_3: autoDraw = False
15.1440 	EXP 	scale_sourceconf: autoDraw = False
15.1440 	EXP 	fixation_2: autoDraw = True
15.3781 	EXP 	New trial (rep=0, index=2): {'Category': u'catdog', 'FixISI': 1.7549999999999999, 'ConList': 4, 'CB': u'A', 'ConLabel': u'prof photog?', 'ImageFile': u'PracticeStim/catdog.jpg', 'EmotionType': None, 'RunID': 1, 'ConID': u'D', 'BlockRep': 1, 'ID': u'catdog', 'TrialType': u'Old'}
15.4130 	EXP 	window1: recordFrameIntervals = False
15.4272 	EXP 	fixation_2: autoDraw = False
15.4272 	EXP 	fixation_2: autoDraw = False
15.4272 	EXP 	takeBreak: autoDraw = True
15.4272 	EXP 	takeBreak: autoDraw = False
15.4272 	EXP 	image_2: image = u'PracticeStim/catdog.jpg'
15.4272 	EXP 	fixISI: autoDraw = True
15.4273 	EXP 	window1: recordFrameIntervals = False
15.9276 	EXP 	image_2: autoDraw = True
15.9276 	EXP 	scale_itemrec: autoDraw = True
15.9276 	EXP 	fixISI: autoDraw = False
16.8448 	DATA 	Keypress: n
16.8942 	EXP 	image_2: autoDraw = False
16.8942 	EXP 	scale_itemrec: autoDraw = False
16.8942 	EXP 	fixISI: autoDraw = False
16.8942 	EXP 	image: image = u'PracticeStim/catdog.jpg'
16.8942 	EXP 	image: autoDraw = True
16.8942 	EXP 	scale_sourcerec: autoDraw = True
17.4952 	DATA 	Keypress: b
17.5441 	EXP 	image: autoDraw = False
17.5441 	EXP 	scale_sourcerec: autoDraw = False
17.5441 	EXP 	image_3: image = u'PracticeStim/catdog.jpg'
17.5441 	EXP 	image_3: autoDraw = True
17.5441 	EXP 	scale_sourceconf: autoDraw = True
18.0632 	DATA 	Keypress: v
18.0783 	EXP 	image_3: autoDraw = False
18.0783 	EXP 	scale_sourceconf: autoDraw = False
18.0783 	EXP 	fixation_2: autoDraw = True
18.3120 	EXP 	New trial (rep=0, index=3): {'Category': u'dog', 'FixISI': 3.218, 'ConList': 4, 'CB': u'A', 'ConLabel': u'prof photog?', 'ImageFile': u'PracticeStim/dog1.jpg', 'EmotionType': None, 'RunID': 1, 'ConID': u'D', 'BlockRep': 1, 'ID': u'dog1', 'TrialType': u'Old'}
18.3572 	EXP 	window1: recordFrameIntervals = False
18.3783 	EXP 	fixation_2: autoDraw = False
18.3783 	EXP 	fixation_2: autoDraw = False
18.3783 	EXP 	takeBreak: autoDraw = True
18.3783 	EXP 	takeBreak: autoDraw = False
18.3783 	EXP 	image_2: image = u'PracticeStim/dog1.jpg'
18.3783 	EXP 	fixISI: autoDraw = True
18.3784 	EXP 	window1: recordFrameIntervals = False
18.8784 	EXP 	image_2: autoDraw = True
18.8784 	EXP 	scale_itemrec: autoDraw = True
18.8784 	EXP 	fixISI: autoDraw = False
19.5460 	DATA 	Keypress: v
19.6125 	EXP 	image_2: autoDraw = False
19.6125 	EXP 	scale_itemrec: autoDraw = False
19.6125 	EXP 	fixISI: autoDraw = False
19.6125 	EXP 	image: image = u'PracticeStim/dog1.jpg'
19.6125 	EXP 	image: autoDraw = True
19.6125 	EXP 	scale_sourcerec: autoDraw = True
20.0963 	DATA 	Keypress: b
20.1625 	EXP 	image: autoDraw = False
20.1625 	EXP 	scale_sourcerec: autoDraw = False
20.1625 	EXP 	image_3: image = u'PracticeStim/dog1.jpg'
20.1625 	EXP 	image_3: autoDraw = True
20.1625 	EXP 	scale_sourceconf: autoDraw = True
20.6294 	DATA 	Keypress: v
20.6453 	EXP 	image_3: autoDraw = False
20.6453 	EXP 	scale_sourceconf: autoDraw = False
20.6453 	EXP 	fixation_2: autoDraw = True
20.8958 	EXP 	fixation_2: autoDraw = False
20.8958 	EXP 	fixation_2: autoDraw = False
20.8958 	EXP 	text: autoDraw = True
22.3136 	DATA 	Keypress: escape
